2017-08-28 12:16:55  [ Forwarding newSession on session null to remote:0 ] - [ DEBUG ]  CookieSpec selected: default
2017-08-28 12:16:55  [ Forwarding newSession on session null to remote:13 ] - [ DEBUG ]  Auth cache not set in the context
2017-08-28 12:16:55  [ Forwarding newSession on session null to remote:14 ] - [ DEBUG ]  Connection request: [route: {}->http://127.0.0.1:4723][total kept alive: 0; route allocated: 0 of 2000; total allocated: 0 of 2000]
2017-08-28 12:16:55  [ Forwarding newSession on session null to remote:30 ] - [ DEBUG ]  Connection leased: [id: 0][route: {}->http://127.0.0.1:4723][total kept alive: 0; route allocated: 1 of 2000; total allocated: 1 of 2000]
2017-08-28 12:16:55  [ Forwarding newSession on session null to remote:31 ] - [ DEBUG ]  Opening connection {}->http://127.0.0.1:4723
2017-08-28 12:16:55  [ Forwarding newSession on session null to remote:33 ] - [ DEBUG ]  Connecting to /127.0.0.1:4723
2017-08-28 12:16:55  [ Forwarding newSession on session null to remote:35 ] - [ DEBUG ]  Connection established 127.0.0.1:56172<->127.0.0.1:4723
2017-08-28 12:16:55  [ Forwarding newSession on session null to remote:35 ] - [ DEBUG ]  http-outgoing-0: set socket timeout to 10800000
2017-08-28 12:16:55  [ Forwarding newSession on session null to remote:35 ] - [ DEBUG ]  Executing request POST /wd/hub/session HTTP/1.1
2017-08-28 12:16:55  [ Forwarding newSession on session null to remote:35 ] - [ DEBUG ]  Target auth state: UNCHALLENGED
2017-08-28 12:16:55  [ Forwarding newSession on session null to remote:36 ] - [ DEBUG ]  Proxy auth state: UNCHALLENGED
2017-08-28 12:16:55  [ Forwarding newSession on session null to remote:37 ] - [ DEBUG ]  http-outgoing-0 >> POST /wd/hub/session HTTP/1.1
2017-08-28 12:16:55  [ Forwarding newSession on session null to remote:37 ] - [ DEBUG ]  http-outgoing-0 >> Content-Type: application/json; charset=utf-8
2017-08-28 12:16:55  [ Forwarding newSession on session null to remote:37 ] - [ DEBUG ]  http-outgoing-0 >> Content-Length: 280
2017-08-28 12:16:55  [ Forwarding newSession on session null to remote:37 ] - [ DEBUG ]  http-outgoing-0 >> Host: 127.0.0.1:4723
2017-08-28 12:16:55  [ Forwarding newSession on session null to remote:37 ] - [ DEBUG ]  http-outgoing-0 >> Connection: Keep-Alive
2017-08-28 12:16:55  [ Forwarding newSession on session null to remote:37 ] - [ DEBUG ]  http-outgoing-0 >> User-Agent: Apache-HttpClient/4.5.2 (Java/1.8.0_121)
2017-08-28 12:16:55  [ Forwarding newSession on session null to remote:38 ] - [ DEBUG ]  http-outgoing-0 >> Accept-Encoding: gzip,deflate
2017-08-28 12:16:55  [ Forwarding newSession on session null to remote:38 ] - [ DEBUG ]  http-outgoing-0 >> "POST /wd/hub/session HTTP/1.1[\r][\n]"
2017-08-28 12:16:55  [ Forwarding newSession on session null to remote:38 ] - [ DEBUG ]  http-outgoing-0 >> "Content-Type: application/json; charset=utf-8[\r][\n]"
2017-08-28 12:16:55  [ Forwarding newSession on session null to remote:38 ] - [ DEBUG ]  http-outgoing-0 >> "Content-Length: 280[\r][\n]"
2017-08-28 12:16:55  [ Forwarding newSession on session null to remote:38 ] - [ DEBUG ]  http-outgoing-0 >> "Host: 127.0.0.1:4723[\r][\n]"
2017-08-28 12:16:55  [ Forwarding newSession on session null to remote:38 ] - [ DEBUG ]  http-outgoing-0 >> "Connection: Keep-Alive[\r][\n]"
2017-08-28 12:16:55  [ Forwarding newSession on session null to remote:38 ] - [ DEBUG ]  http-outgoing-0 >> "User-Agent: Apache-HttpClient/4.5.2 (Java/1.8.0_121)[\r][\n]"
2017-08-28 12:16:55  [ Forwarding newSession on session null to remote:38 ] - [ DEBUG ]  http-outgoing-0 >> "Accept-Encoding: gzip,deflate[\r][\n]"
2017-08-28 12:16:55  [ Forwarding newSession on session null to remote:38 ] - [ DEBUG ]  http-outgoing-0 >> "[\r][\n]"
2017-08-28 12:16:55  [ Forwarding newSession on session null to remote:38 ] - [ DEBUG ]  http-outgoing-0 >> "{"desiredCapabilities":{"appPackage":"com.qihoo.browser","appActivity":".activity.SplashActivity","noReset":true,"autoLaunch":false,"noSign":true,"newCommandTimeout":"600000","platformVersion":"7.0","unicodeKeyboard":true,"platformName":"Android","deviceName":"AppiumTestDevice"}}"
2017-08-28 12:17:38  [ Forwarding newSession on session null to remote:43718 ] - [ DEBUG ]  http-outgoing-0 << "HTTP/1.1 200 OK[\r][\n]"
2017-08-28 12:17:38  [ Forwarding newSession on session null to remote:43719 ] - [ DEBUG ]  http-outgoing-0 << "X-Powered-By: Express[\r][\n]"
2017-08-28 12:17:38  [ Forwarding newSession on session null to remote:43719 ] - [ DEBUG ]  http-outgoing-0 << "Access-Control-Allow-Origin: *[\r][\n]"
2017-08-28 12:17:38  [ Forwarding newSession on session null to remote:43719 ] - [ DEBUG ]  http-outgoing-0 << "Access-Control-Allow-Methods: GET,POST,PUT,OPTIONS,DELETE[\r][\n]"
2017-08-28 12:17:38  [ Forwarding newSession on session null to remote:43719 ] - [ DEBUG ]  http-outgoing-0 << "Access-Control-Allow-Headers: origin, content-type, accept[\r][\n]"
2017-08-28 12:17:38  [ Forwarding newSession on session null to remote:43719 ] - [ DEBUG ]  http-outgoing-0 << "Vary: X-HTTP-Method-Override[\r][\n]"
2017-08-28 12:17:38  [ Forwarding newSession on session null to remote:43719 ] - [ DEBUG ]  http-outgoing-0 << "Content-Type: application/json; charset=utf-8[\r][\n]"
2017-08-28 12:17:38  [ Forwarding newSession on session null to remote:43719 ] - [ DEBUG ]  http-outgoing-0 << "Content-Length: 892[\r][\n]"
2017-08-28 12:17:38  [ Forwarding newSession on session null to remote:43720 ] - [ DEBUG ]  http-outgoing-0 << "ETag: W/"37c-yODtF5L49e3eLOj+SdGk5eFdJ8I"[\r][\n]"
2017-08-28 12:17:38  [ Forwarding newSession on session null to remote:43720 ] - [ DEBUG ]  http-outgoing-0 << "Date: Mon, 28 Aug 2017 04:17:38 GMT[\r][\n]"
2017-08-28 12:17:38  [ Forwarding newSession on session null to remote:43720 ] - [ DEBUG ]  http-outgoing-0 << "Connection: keep-alive[\r][\n]"
2017-08-28 12:17:38  [ Forwarding newSession on session null to remote:43720 ] - [ DEBUG ]  http-outgoing-0 << "[\r][\n]"
2017-08-28 12:17:38  [ Forwarding newSession on session null to remote:43720 ] - [ DEBUG ]  http-outgoing-0 << "{"status":0,"value":{"platform":"LINUX","webStorageEnabled":false,"takesScreenshot":true,"javascriptEnabled":true,"databaseEnabled":false,"networkConnectionEnabled":true,"locationContextEnabled":false,"warnings":{},"desired":{"appPackage":"com.qihoo.browser","appActivity":".activity.SplashActivity","noReset":true,"autoLaunch":false,"noSign":true,"newCommandTimeout":600000,"platformVersion":"7.0","unicodeKeyboard":true,"platformName":"Android","deviceName":"AppiumTestDevice"},"appPackage":"com.qihoo.browser","appActivity":".activity.SplashActivity","noReset":true,"autoLaunch":false,"noSign":true,"newCommandTimeout":600000,"platformVersion":"7.0","unicodeKeyboard":true,"platformName":"Android","deviceName":"ZX1G224C8R","deviceUDID":"ZX1G224C8R","deviceScreenSize":"1440x2560","deviceModel":"Nexus 6","deviceManufacturer":"motorola"},"sessionId":"073839ae-e836-4e67-95ea-6a43c24f8ca7"}"
2017-08-28 12:17:38  [ Forwarding newSession on session null to remote:43745 ] - [ DEBUG ]  http-outgoing-0 << HTTP/1.1 200 OK
2017-08-28 12:17:38  [ Forwarding newSession on session null to remote:43746 ] - [ DEBUG ]  http-outgoing-0 << X-Powered-By: Express
2017-08-28 12:17:38  [ Forwarding newSession on session null to remote:43746 ] - [ DEBUG ]  http-outgoing-0 << Access-Control-Allow-Origin: *
2017-08-28 12:17:38  [ Forwarding newSession on session null to remote:43746 ] - [ DEBUG ]  http-outgoing-0 << Access-Control-Allow-Methods: GET,POST,PUT,OPTIONS,DELETE
2017-08-28 12:17:38  [ Forwarding newSession on session null to remote:43746 ] - [ DEBUG ]  http-outgoing-0 << Access-Control-Allow-Headers: origin, content-type, accept
2017-08-28 12:17:38  [ Forwarding newSession on session null to remote:43746 ] - [ DEBUG ]  http-outgoing-0 << Vary: X-HTTP-Method-Override
2017-08-28 12:17:38  [ Forwarding newSession on session null to remote:43746 ] - [ DEBUG ]  http-outgoing-0 << Content-Type: application/json; charset=utf-8
2017-08-28 12:17:38  [ Forwarding newSession on session null to remote:43746 ] - [ DEBUG ]  http-outgoing-0 << Content-Length: 892
2017-08-28 12:17:38  [ Forwarding newSession on session null to remote:43746 ] - [ DEBUG ]  http-outgoing-0 << ETag: W/"37c-yODtF5L49e3eLOj+SdGk5eFdJ8I"
2017-08-28 12:17:38  [ Forwarding newSession on session null to remote:43746 ] - [ DEBUG ]  http-outgoing-0 << Date: Mon, 28 Aug 2017 04:17:38 GMT
2017-08-28 12:17:38  [ Forwarding newSession on session null to remote:43747 ] - [ DEBUG ]  http-outgoing-0 << Connection: keep-alive
2017-08-28 12:17:38  [ Forwarding newSession on session null to remote:43752 ] - [ DEBUG ]  Connection can be kept alive indefinitely
2017-08-28 12:17:38  [ Forwarding newSession on session null to remote:43764 ] - [ DEBUG ]  Connection [id: 0][route: {}->http://127.0.0.1:4723] can be kept alive indefinitely
2017-08-28 12:17:38  [ Forwarding newSession on session null to remote:43764 ] - [ DEBUG ]  Connection released: [id: 0][route: {}->http://127.0.0.1:4723][total kept alive: 1; route allocated: 1 of 2000; total allocated: 1 of 2000]
2017-08-28 12:17:38  [ Forwarding setTimeout on session 073839ae-e836-4e67-95ea-6a43c24f8ca7 to remote:43808 ] - [ DEBUG ]  CookieSpec selected: default
2017-08-28 12:17:38  [ Forwarding setTimeout on session 073839ae-e836-4e67-95ea-6a43c24f8ca7 to remote:43808 ] - [ DEBUG ]  Auth cache not set in the context
2017-08-28 12:17:38  [ Forwarding setTimeout on session 073839ae-e836-4e67-95ea-6a43c24f8ca7 to remote:43808 ] - [ DEBUG ]  Connection request: [route: {}->http://127.0.0.1:4723][total kept alive: 1; route allocated: 1 of 2000; total allocated: 1 of 2000]
2017-08-28 12:17:38  [ Forwarding setTimeout on session 073839ae-e836-4e67-95ea-6a43c24f8ca7 to remote:43808 ] - [ DEBUG ]  Connection leased: [id: 0][route: {}->http://127.0.0.1:4723][total kept alive: 0; route allocated: 1 of 2000; total allocated: 1 of 2000]
2017-08-28 12:17:38  [ Forwarding setTimeout on session 073839ae-e836-4e67-95ea-6a43c24f8ca7 to remote:43808 ] - [ DEBUG ]  Stale connection check
2017-08-28 12:17:39  [ Forwarding setTimeout on session 073839ae-e836-4e67-95ea-6a43c24f8ca7 to remote:43821 ] - [ DEBUG ]  http-outgoing-0 << "[read] I/O error: Read timed out"
2017-08-28 12:17:39  [ Forwarding setTimeout on session 073839ae-e836-4e67-95ea-6a43c24f8ca7 to remote:43821 ] - [ DEBUG ]  http-outgoing-0: set socket timeout to 10800000
2017-08-28 12:17:39  [ Forwarding setTimeout on session 073839ae-e836-4e67-95ea-6a43c24f8ca7 to remote:43821 ] - [ DEBUG ]  Executing request POST /wd/hub/session/073839ae-e836-4e67-95ea-6a43c24f8ca7/timeouts HTTP/1.1
2017-08-28 12:17:39  [ Forwarding setTimeout on session 073839ae-e836-4e67-95ea-6a43c24f8ca7 to remote:43821 ] - [ DEBUG ]  Target auth state: UNCHALLENGED
2017-08-28 12:17:39  [ Forwarding setTimeout on session 073839ae-e836-4e67-95ea-6a43c24f8ca7 to remote:43821 ] - [ DEBUG ]  Proxy auth state: UNCHALLENGED
2017-08-28 12:17:39  [ Forwarding setTimeout on session 073839ae-e836-4e67-95ea-6a43c24f8ca7 to remote:43821 ] - [ DEBUG ]  http-outgoing-0 >> POST /wd/hub/session/073839ae-e836-4e67-95ea-6a43c24f8ca7/timeouts HTTP/1.1
2017-08-28 12:17:39  [ Forwarding setTimeout on session 073839ae-e836-4e67-95ea-6a43c24f8ca7 to remote:43821 ] - [ DEBUG ]  http-outgoing-0 >> Content-Type: application/json; charset=utf-8
2017-08-28 12:17:39  [ Forwarding setTimeout on session 073839ae-e836-4e67-95ea-6a43c24f8ca7 to remote:43822 ] - [ DEBUG ]  http-outgoing-0 >> Content-Length: 30
2017-08-28 12:17:39  [ Forwarding setTimeout on session 073839ae-e836-4e67-95ea-6a43c24f8ca7 to remote:43822 ] - [ DEBUG ]  http-outgoing-0 >> Host: 127.0.0.1:4723
2017-08-28 12:17:39  [ Forwarding setTimeout on session 073839ae-e836-4e67-95ea-6a43c24f8ca7 to remote:43822 ] - [ DEBUG ]  http-outgoing-0 >> Connection: Keep-Alive
2017-08-28 12:17:39  [ Forwarding setTimeout on session 073839ae-e836-4e67-95ea-6a43c24f8ca7 to remote:43822 ] - [ DEBUG ]  http-outgoing-0 >> User-Agent: Apache-HttpClient/4.5.2 (Java/1.8.0_121)
2017-08-28 12:17:39  [ Forwarding setTimeout on session 073839ae-e836-4e67-95ea-6a43c24f8ca7 to remote:43822 ] - [ DEBUG ]  http-outgoing-0 >> Accept-Encoding: gzip,deflate
2017-08-28 12:17:39  [ Forwarding setTimeout on session 073839ae-e836-4e67-95ea-6a43c24f8ca7 to remote:43822 ] - [ DEBUG ]  http-outgoing-0 >> "POST /wd/hub/session/073839ae-e836-4e67-95ea-6a43c24f8ca7/timeouts HTTP/1.1[\r][\n]"
2017-08-28 12:17:39  [ Forwarding setTimeout on session 073839ae-e836-4e67-95ea-6a43c24f8ca7 to remote:43822 ] - [ DEBUG ]  http-outgoing-0 >> "Content-Type: application/json; charset=utf-8[\r][\n]"
2017-08-28 12:17:39  [ Forwarding setTimeout on session 073839ae-e836-4e67-95ea-6a43c24f8ca7 to remote:43822 ] - [ DEBUG ]  http-outgoing-0 >> "Content-Length: 30[\r][\n]"
2017-08-28 12:17:39  [ Forwarding setTimeout on session 073839ae-e836-4e67-95ea-6a43c24f8ca7 to remote:43822 ] - [ DEBUG ]  http-outgoing-0 >> "Host: 127.0.0.1:4723[\r][\n]"
2017-08-28 12:17:39  [ Forwarding setTimeout on session 073839ae-e836-4e67-95ea-6a43c24f8ca7 to remote:43822 ] - [ DEBUG ]  http-outgoing-0 >> "Connection: Keep-Alive[\r][\n]"
2017-08-28 12:17:39  [ Forwarding setTimeout on session 073839ae-e836-4e67-95ea-6a43c24f8ca7 to remote:43822 ] - [ DEBUG ]  http-outgoing-0 >> "User-Agent: Apache-HttpClient/4.5.2 (Java/1.8.0_121)[\r][\n]"
2017-08-28 12:17:39  [ Forwarding setTimeout on session 073839ae-e836-4e67-95ea-6a43c24f8ca7 to remote:43822 ] - [ DEBUG ]  http-outgoing-0 >> "Accept-Encoding: gzip,deflate[\r][\n]"
2017-08-28 12:17:39  [ Forwarding setTimeout on session 073839ae-e836-4e67-95ea-6a43c24f8ca7 to remote:43822 ] - [ DEBUG ]  http-outgoing-0 >> "[\r][\n]"
2017-08-28 12:17:39  [ Forwarding setTimeout on session 073839ae-e836-4e67-95ea-6a43c24f8ca7 to remote:43822 ] - [ DEBUG ]  http-outgoing-0 >> "{"type":"implicit","ms":20000}"
2017-08-28 12:17:39  [ Forwarding setTimeout on session 073839ae-e836-4e67-95ea-6a43c24f8ca7 to remote:43830 ] - [ DEBUG ]  http-outgoing-0 << "HTTP/1.1 200 OK[\r][\n]"
2017-08-28 12:17:39  [ Forwarding setTimeout on session 073839ae-e836-4e67-95ea-6a43c24f8ca7 to remote:43830 ] - [ DEBUG ]  http-outgoing-0 << "X-Powered-By: Express[\r][\n]"
2017-08-28 12:17:39  [ Forwarding setTimeout on session 073839ae-e836-4e67-95ea-6a43c24f8ca7 to remote:43830 ] - [ DEBUG ]  http-outgoing-0 << "Access-Control-Allow-Origin: *[\r][\n]"
2017-08-28 12:17:39  [ Forwarding setTimeout on session 073839ae-e836-4e67-95ea-6a43c24f8ca7 to remote:43830 ] - [ DEBUG ]  http-outgoing-0 << "Access-Control-Allow-Methods: GET,POST,PUT,OPTIONS,DELETE[\r][\n]"
2017-08-28 12:17:39  [ Forwarding setTimeout on session 073839ae-e836-4e67-95ea-6a43c24f8ca7 to remote:43831 ] - [ DEBUG ]  http-outgoing-0 << "Access-Control-Allow-Headers: origin, content-type, accept[\r][\n]"
2017-08-28 12:17:39  [ Forwarding setTimeout on session 073839ae-e836-4e67-95ea-6a43c24f8ca7 to remote:43831 ] - [ DEBUG ]  http-outgoing-0 << "Vary: X-HTTP-Method-Override[\r][\n]"
2017-08-28 12:17:39  [ Forwarding setTimeout on session 073839ae-e836-4e67-95ea-6a43c24f8ca7 to remote:43831 ] - [ DEBUG ]  http-outgoing-0 << "Content-Type: application/json; charset=utf-8[\r][\n]"
2017-08-28 12:17:39  [ Forwarding setTimeout on session 073839ae-e836-4e67-95ea-6a43c24f8ca7 to remote:43831 ] - [ DEBUG ]  http-outgoing-0 << "Content-Length: 76[\r][\n]"
2017-08-28 12:17:39  [ Forwarding setTimeout on session 073839ae-e836-4e67-95ea-6a43c24f8ca7 to remote:43831 ] - [ DEBUG ]  http-outgoing-0 << "ETag: W/"4c-RSBlUnmI5OeGyyMFeIXgHjephGI"[\r][\n]"
2017-08-28 12:17:39  [ Forwarding setTimeout on session 073839ae-e836-4e67-95ea-6a43c24f8ca7 to remote:43831 ] - [ DEBUG ]  http-outgoing-0 << "Date: Mon, 28 Aug 2017 04:17:39 GMT[\r][\n]"
2017-08-28 12:17:39  [ Forwarding setTimeout on session 073839ae-e836-4e67-95ea-6a43c24f8ca7 to remote:43831 ] - [ DEBUG ]  http-outgoing-0 << "Connection: keep-alive[\r][\n]"
2017-08-28 12:17:39  [ Forwarding setTimeout on session 073839ae-e836-4e67-95ea-6a43c24f8ca7 to remote:43831 ] - [ DEBUG ]  http-outgoing-0 << "[\r][\n]"
2017-08-28 12:17:39  [ Forwarding setTimeout on session 073839ae-e836-4e67-95ea-6a43c24f8ca7 to remote:43831 ] - [ DEBUG ]  http-outgoing-0 << "{"status":0,"value":null,"sessionId":"073839ae-e836-4e67-95ea-6a43c24f8ca7"}"
2017-08-28 12:17:39  [ Forwarding setTimeout on session 073839ae-e836-4e67-95ea-6a43c24f8ca7 to remote:43831 ] - [ DEBUG ]  http-outgoing-0 << HTTP/1.1 200 OK
2017-08-28 12:17:39  [ Forwarding setTimeout on session 073839ae-e836-4e67-95ea-6a43c24f8ca7 to remote:43831 ] - [ DEBUG ]  http-outgoing-0 << X-Powered-By: Express
2017-08-28 12:17:39  [ Forwarding setTimeout on session 073839ae-e836-4e67-95ea-6a43c24f8ca7 to remote:43831 ] - [ DEBUG ]  http-outgoing-0 << Access-Control-Allow-Origin: *
2017-08-28 12:17:39  [ Forwarding setTimeout on session 073839ae-e836-4e67-95ea-6a43c24f8ca7 to remote:43831 ] - [ DEBUG ]  http-outgoing-0 << Access-Control-Allow-Methods: GET,POST,PUT,OPTIONS,DELETE
2017-08-28 12:17:39  [ Forwarding setTimeout on session 073839ae-e836-4e67-95ea-6a43c24f8ca7 to remote:43831 ] - [ DEBUG ]  http-outgoing-0 << Access-Control-Allow-Headers: origin, content-type, accept
2017-08-28 12:17:39  [ Forwarding setTimeout on session 073839ae-e836-4e67-95ea-6a43c24f8ca7 to remote:43831 ] - [ DEBUG ]  http-outgoing-0 << Vary: X-HTTP-Method-Override
2017-08-28 12:17:39  [ Forwarding setTimeout on session 073839ae-e836-4e67-95ea-6a43c24f8ca7 to remote:43832 ] - [ DEBUG ]  http-outgoing-0 << Content-Type: application/json; charset=utf-8
2017-08-28 12:17:39  [ Forwarding setTimeout on session 073839ae-e836-4e67-95ea-6a43c24f8ca7 to remote:43832 ] - [ DEBUG ]  http-outgoing-0 << Content-Length: 76
2017-08-28 12:17:39  [ Forwarding setTimeout on session 073839ae-e836-4e67-95ea-6a43c24f8ca7 to remote:43832 ] - [ DEBUG ]  http-outgoing-0 << ETag: W/"4c-RSBlUnmI5OeGyyMFeIXgHjephGI"
2017-08-28 12:17:39  [ Forwarding setTimeout on session 073839ae-e836-4e67-95ea-6a43c24f8ca7 to remote:43832 ] - [ DEBUG ]  http-outgoing-0 << Date: Mon, 28 Aug 2017 04:17:39 GMT
2017-08-28 12:17:39  [ Forwarding setTimeout on session 073839ae-e836-4e67-95ea-6a43c24f8ca7 to remote:43832 ] - [ DEBUG ]  http-outgoing-0 << Connection: keep-alive
2017-08-28 12:17:39  [ Forwarding setTimeout on session 073839ae-e836-4e67-95ea-6a43c24f8ca7 to remote:43832 ] - [ DEBUG ]  Connection can be kept alive indefinitely
2017-08-28 12:17:39  [ Forwarding setTimeout on session 073839ae-e836-4e67-95ea-6a43c24f8ca7 to remote:43832 ] - [ DEBUG ]  Connection [id: 0][route: {}->http://127.0.0.1:4723] can be kept alive indefinitely
2017-08-28 12:17:39  [ Forwarding setTimeout on session 073839ae-e836-4e67-95ea-6a43c24f8ca7 to remote:43832 ] - [ DEBUG ]  Connection released: [id: 0][route: {}->http://127.0.0.1:4723][total kept alive: 1; route allocated: 1 of 2000; total allocated: 1 of 2000]
2017-08-28 12:17:39  [ Forwarding getWindowSize on session 073839ae-e836-4e67-95ea-6a43c24f8ca7 to remote:43853 ] - [ DEBUG ]  CookieSpec selected: default
2017-08-28 12:17:39  [ Forwarding getWindowSize on session 073839ae-e836-4e67-95ea-6a43c24f8ca7 to remote:43853 ] - [ DEBUG ]  Auth cache not set in the context
2017-08-28 12:17:39  [ Forwarding getWindowSize on session 073839ae-e836-4e67-95ea-6a43c24f8ca7 to remote:43853 ] - [ DEBUG ]  Connection request: [route: {}->http://127.0.0.1:4723][total kept alive: 1; route allocated: 1 of 2000; total allocated: 1 of 2000]
2017-08-28 12:17:39  [ Forwarding getWindowSize on session 073839ae-e836-4e67-95ea-6a43c24f8ca7 to remote:43854 ] - [ DEBUG ]  Connection leased: [id: 0][route: {}->http://127.0.0.1:4723][total kept alive: 0; route allocated: 1 of 2000; total allocated: 1 of 2000]
2017-08-28 12:17:39  [ Forwarding getWindowSize on session 073839ae-e836-4e67-95ea-6a43c24f8ca7 to remote:43854 ] - [ DEBUG ]  Stale connection check
2017-08-28 12:17:39  [ Forwarding getWindowSize on session 073839ae-e836-4e67-95ea-6a43c24f8ca7 to remote:43855 ] - [ DEBUG ]  http-outgoing-0 << "[read] I/O error: Read timed out"
2017-08-28 12:17:39  [ Forwarding getWindowSize on session 073839ae-e836-4e67-95ea-6a43c24f8ca7 to remote:43855 ] - [ DEBUG ]  http-outgoing-0: set socket timeout to 10800000
2017-08-28 12:17:39  [ Forwarding getWindowSize on session 073839ae-e836-4e67-95ea-6a43c24f8ca7 to remote:43855 ] - [ DEBUG ]  Executing request GET /wd/hub/session/073839ae-e836-4e67-95ea-6a43c24f8ca7/window/current/size HTTP/1.1
2017-08-28 12:17:39  [ Forwarding getWindowSize on session 073839ae-e836-4e67-95ea-6a43c24f8ca7 to remote:43855 ] - [ DEBUG ]  Target auth state: UNCHALLENGED
2017-08-28 12:17:39  [ Forwarding getWindowSize on session 073839ae-e836-4e67-95ea-6a43c24f8ca7 to remote:43855 ] - [ DEBUG ]  Proxy auth state: UNCHALLENGED
2017-08-28 12:17:39  [ Forwarding getWindowSize on session 073839ae-e836-4e67-95ea-6a43c24f8ca7 to remote:43855 ] - [ DEBUG ]  http-outgoing-0 >> GET /wd/hub/session/073839ae-e836-4e67-95ea-6a43c24f8ca7/window/current/size HTTP/1.1
2017-08-28 12:17:39  [ Forwarding getWindowSize on session 073839ae-e836-4e67-95ea-6a43c24f8ca7 to remote:43855 ] - [ DEBUG ]  http-outgoing-0 >> Cache-Control: no-cache
2017-08-28 12:17:39  [ Forwarding getWindowSize on session 073839ae-e836-4e67-95ea-6a43c24f8ca7 to remote:43855 ] - [ DEBUG ]  http-outgoing-0 >> Host: 127.0.0.1:4723
2017-08-28 12:17:39  [ Forwarding getWindowSize on session 073839ae-e836-4e67-95ea-6a43c24f8ca7 to remote:43855 ] - [ DEBUG ]  http-outgoing-0 >> Connection: Keep-Alive
2017-08-28 12:17:39  [ Forwarding getWindowSize on session 073839ae-e836-4e67-95ea-6a43c24f8ca7 to remote:43855 ] - [ DEBUG ]  http-outgoing-0 >> User-Agent: Apache-HttpClient/4.5.2 (Java/1.8.0_121)
2017-08-28 12:17:39  [ Forwarding getWindowSize on session 073839ae-e836-4e67-95ea-6a43c24f8ca7 to remote:43855 ] - [ DEBUG ]  http-outgoing-0 >> Accept-Encoding: gzip,deflate
2017-08-28 12:17:39  [ Forwarding getWindowSize on session 073839ae-e836-4e67-95ea-6a43c24f8ca7 to remote:43855 ] - [ DEBUG ]  http-outgoing-0 >> "GET /wd/hub/session/073839ae-e836-4e67-95ea-6a43c24f8ca7/window/current/size HTTP/1.1[\r][\n]"
2017-08-28 12:17:39  [ Forwarding getWindowSize on session 073839ae-e836-4e67-95ea-6a43c24f8ca7 to remote:43855 ] - [ DEBUG ]  http-outgoing-0 >> "Cache-Control: no-cache[\r][\n]"
2017-08-28 12:17:39  [ Forwarding getWindowSize on session 073839ae-e836-4e67-95ea-6a43c24f8ca7 to remote:43855 ] - [ DEBUG ]  http-outgoing-0 >> "Host: 127.0.0.1:4723[\r][\n]"
2017-08-28 12:17:39  [ Forwarding getWindowSize on session 073839ae-e836-4e67-95ea-6a43c24f8ca7 to remote:43856 ] - [ DEBUG ]  http-outgoing-0 >> "Connection: Keep-Alive[\r][\n]"
2017-08-28 12:17:39  [ Forwarding getWindowSize on session 073839ae-e836-4e67-95ea-6a43c24f8ca7 to remote:43856 ] - [ DEBUG ]  http-outgoing-0 >> "User-Agent: Apache-HttpClient/4.5.2 (Java/1.8.0_121)[\r][\n]"
2017-08-28 12:17:39  [ Forwarding getWindowSize on session 073839ae-e836-4e67-95ea-6a43c24f8ca7 to remote:43856 ] - [ DEBUG ]  http-outgoing-0 >> "Accept-Encoding: gzip,deflate[\r][\n]"
2017-08-28 12:17:39  [ Forwarding getWindowSize on session 073839ae-e836-4e67-95ea-6a43c24f8ca7 to remote:43856 ] - [ DEBUG ]  http-outgoing-0 >> "[\r][\n]"
2017-08-28 12:17:39  [ Forwarding getWindowSize on session 073839ae-e836-4e67-95ea-6a43c24f8ca7 to remote:43945 ] - [ DEBUG ]  http-outgoing-0 << "HTTP/1.1 200 OK[\r][\n]"
2017-08-28 12:17:39  [ Forwarding getWindowSize on session 073839ae-e836-4e67-95ea-6a43c24f8ca7 to remote:43945 ] - [ DEBUG ]  http-outgoing-0 << "X-Powered-By: Express[\r][\n]"
2017-08-28 12:17:39  [ Forwarding getWindowSize on session 073839ae-e836-4e67-95ea-6a43c24f8ca7 to remote:43945 ] - [ DEBUG ]  http-outgoing-0 << "Access-Control-Allow-Origin: *[\r][\n]"
2017-08-28 12:17:39  [ Forwarding getWindowSize on session 073839ae-e836-4e67-95ea-6a43c24f8ca7 to remote:43945 ] - [ DEBUG ]  http-outgoing-0 << "Access-Control-Allow-Methods: GET,POST,PUT,OPTIONS,DELETE[\r][\n]"
2017-08-28 12:17:39  [ Forwarding getWindowSize on session 073839ae-e836-4e67-95ea-6a43c24f8ca7 to remote:43945 ] - [ DEBUG ]  http-outgoing-0 << "Access-Control-Allow-Headers: origin, content-type, accept[\r][\n]"
2017-08-28 12:17:39  [ Forwarding getWindowSize on session 073839ae-e836-4e67-95ea-6a43c24f8ca7 to remote:43945 ] - [ DEBUG ]  http-outgoing-0 << "Content-Type: application/json; charset=utf-8[\r][\n]"
2017-08-28 12:17:39  [ Forwarding getWindowSize on session 073839ae-e836-4e67-95ea-6a43c24f8ca7 to remote:43945 ] - [ DEBUG ]  http-outgoing-0 << "Content-Length: 100[\r][\n]"
2017-08-28 12:17:39  [ Forwarding getWindowSize on session 073839ae-e836-4e67-95ea-6a43c24f8ca7 to remote:43945 ] - [ DEBUG ]  http-outgoing-0 << "ETag: W/"64-ku5u76bCwAaresxtDzbY4wLb8iM"[\r][\n]"
2017-08-28 12:17:39  [ Forwarding getWindowSize on session 073839ae-e836-4e67-95ea-6a43c24f8ca7 to remote:43945 ] - [ DEBUG ]  http-outgoing-0 << "Date: Mon, 28 Aug 2017 04:17:39 GMT[\r][\n]"
2017-08-28 12:17:39  [ Forwarding getWindowSize on session 073839ae-e836-4e67-95ea-6a43c24f8ca7 to remote:43946 ] - [ DEBUG ]  http-outgoing-0 << "Connection: keep-alive[\r][\n]"
2017-08-28 12:17:39  [ Forwarding getWindowSize on session 073839ae-e836-4e67-95ea-6a43c24f8ca7 to remote:43946 ] - [ DEBUG ]  http-outgoing-0 << "[\r][\n]"
2017-08-28 12:17:39  [ Forwarding getWindowSize on session 073839ae-e836-4e67-95ea-6a43c24f8ca7 to remote:43946 ] - [ DEBUG ]  http-outgoing-0 << "{"status":0,"value":{"height":2392,"width":1440},"sessionId":"073839ae-e836-4e67-95ea-6a43c24f8ca7"}"
2017-08-28 12:17:39  [ Forwarding getWindowSize on session 073839ae-e836-4e67-95ea-6a43c24f8ca7 to remote:43946 ] - [ DEBUG ]  http-outgoing-0 << HTTP/1.1 200 OK
2017-08-28 12:17:39  [ Forwarding getWindowSize on session 073839ae-e836-4e67-95ea-6a43c24f8ca7 to remote:43946 ] - [ DEBUG ]  http-outgoing-0 << X-Powered-By: Express
2017-08-28 12:17:39  [ Forwarding getWindowSize on session 073839ae-e836-4e67-95ea-6a43c24f8ca7 to remote:43946 ] - [ DEBUG ]  http-outgoing-0 << Access-Control-Allow-Origin: *
2017-08-28 12:17:39  [ Forwarding getWindowSize on session 073839ae-e836-4e67-95ea-6a43c24f8ca7 to remote:43946 ] - [ DEBUG ]  http-outgoing-0 << Access-Control-Allow-Methods: GET,POST,PUT,OPTIONS,DELETE
2017-08-28 12:17:39  [ Forwarding getWindowSize on session 073839ae-e836-4e67-95ea-6a43c24f8ca7 to remote:43947 ] - [ DEBUG ]  http-outgoing-0 << Access-Control-Allow-Headers: origin, content-type, accept
2017-08-28 12:17:39  [ Forwarding getWindowSize on session 073839ae-e836-4e67-95ea-6a43c24f8ca7 to remote:43947 ] - [ DEBUG ]  http-outgoing-0 << Content-Type: application/json; charset=utf-8
2017-08-28 12:17:39  [ Forwarding getWindowSize on session 073839ae-e836-4e67-95ea-6a43c24f8ca7 to remote:43947 ] - [ DEBUG ]  http-outgoing-0 << Content-Length: 100
2017-08-28 12:17:39  [ Forwarding getWindowSize on session 073839ae-e836-4e67-95ea-6a43c24f8ca7 to remote:43947 ] - [ DEBUG ]  http-outgoing-0 << ETag: W/"64-ku5u76bCwAaresxtDzbY4wLb8iM"
2017-08-28 12:17:39  [ Forwarding getWindowSize on session 073839ae-e836-4e67-95ea-6a43c24f8ca7 to remote:43947 ] - [ DEBUG ]  http-outgoing-0 << Date: Mon, 28 Aug 2017 04:17:39 GMT
2017-08-28 12:17:39  [ Forwarding getWindowSize on session 073839ae-e836-4e67-95ea-6a43c24f8ca7 to remote:43947 ] - [ DEBUG ]  http-outgoing-0 << Connection: keep-alive
2017-08-28 12:17:39  [ Forwarding getWindowSize on session 073839ae-e836-4e67-95ea-6a43c24f8ca7 to remote:43947 ] - [ DEBUG ]  Connection can be kept alive indefinitely
2017-08-28 12:17:39  [ Forwarding getWindowSize on session 073839ae-e836-4e67-95ea-6a43c24f8ca7 to remote:43948 ] - [ DEBUG ]  Connection [id: 0][route: {}->http://127.0.0.1:4723] can be kept alive indefinitely
2017-08-28 12:17:39  [ Forwarding getWindowSize on session 073839ae-e836-4e67-95ea-6a43c24f8ca7 to remote:43948 ] - [ DEBUG ]  Connection released: [id: 0][route: {}->http://127.0.0.1:4723][total kept alive: 1; route allocated: 1 of 2000; total allocated: 1 of 2000]
2017-08-28 12:17:39  [ Forwarding getWindowSize on session 073839ae-e836-4e67-95ea-6a43c24f8ca7 to remote:43951 ] - [ DEBUG ]  CookieSpec selected: default
2017-08-28 12:17:39  [ Forwarding getWindowSize on session 073839ae-e836-4e67-95ea-6a43c24f8ca7 to remote:43951 ] - [ DEBUG ]  Auth cache not set in the context
2017-08-28 12:17:39  [ Forwarding getWindowSize on session 073839ae-e836-4e67-95ea-6a43c24f8ca7 to remote:43951 ] - [ DEBUG ]  Connection request: [route: {}->http://127.0.0.1:4723][total kept alive: 1; route allocated: 1 of 2000; total allocated: 1 of 2000]
2017-08-28 12:17:39  [ Forwarding getWindowSize on session 073839ae-e836-4e67-95ea-6a43c24f8ca7 to remote:43951 ] - [ DEBUG ]  Connection leased: [id: 0][route: {}->http://127.0.0.1:4723][total kept alive: 0; route allocated: 1 of 2000; total allocated: 1 of 2000]
2017-08-28 12:17:39  [ Forwarding getWindowSize on session 073839ae-e836-4e67-95ea-6a43c24f8ca7 to remote:43951 ] - [ DEBUG ]  Stale connection check
2017-08-28 12:17:39  [ Forwarding getWindowSize on session 073839ae-e836-4e67-95ea-6a43c24f8ca7 to remote:43952 ] - [ DEBUG ]  http-outgoing-0 << "[read] I/O error: Read timed out"
2017-08-28 12:17:39  [ Forwarding getWindowSize on session 073839ae-e836-4e67-95ea-6a43c24f8ca7 to remote:43952 ] - [ DEBUG ]  http-outgoing-0: set socket timeout to 10800000
2017-08-28 12:17:39  [ Forwarding getWindowSize on session 073839ae-e836-4e67-95ea-6a43c24f8ca7 to remote:43952 ] - [ DEBUG ]  Executing request GET /wd/hub/session/073839ae-e836-4e67-95ea-6a43c24f8ca7/window/current/size HTTP/1.1
2017-08-28 12:17:39  [ Forwarding getWindowSize on session 073839ae-e836-4e67-95ea-6a43c24f8ca7 to remote:43952 ] - [ DEBUG ]  Target auth state: UNCHALLENGED
2017-08-28 12:17:39  [ Forwarding getWindowSize on session 073839ae-e836-4e67-95ea-6a43c24f8ca7 to remote:43952 ] - [ DEBUG ]  Proxy auth state: UNCHALLENGED
2017-08-28 12:17:39  [ Forwarding getWindowSize on session 073839ae-e836-4e67-95ea-6a43c24f8ca7 to remote:43952 ] - [ DEBUG ]  http-outgoing-0 >> GET /wd/hub/session/073839ae-e836-4e67-95ea-6a43c24f8ca7/window/current/size HTTP/1.1
2017-08-28 12:17:39  [ Forwarding getWindowSize on session 073839ae-e836-4e67-95ea-6a43c24f8ca7 to remote:43952 ] - [ DEBUG ]  http-outgoing-0 >> Cache-Control: no-cache
2017-08-28 12:17:39  [ Forwarding getWindowSize on session 073839ae-e836-4e67-95ea-6a43c24f8ca7 to remote:43952 ] - [ DEBUG ]  http-outgoing-0 >> Host: 127.0.0.1:4723
2017-08-28 12:17:39  [ Forwarding getWindowSize on session 073839ae-e836-4e67-95ea-6a43c24f8ca7 to remote:43953 ] - [ DEBUG ]  http-outgoing-0 >> Connection: Keep-Alive
2017-08-28 12:17:39  [ Forwarding getWindowSize on session 073839ae-e836-4e67-95ea-6a43c24f8ca7 to remote:43953 ] - [ DEBUG ]  http-outgoing-0 >> User-Agent: Apache-HttpClient/4.5.2 (Java/1.8.0_121)
2017-08-28 12:17:39  [ Forwarding getWindowSize on session 073839ae-e836-4e67-95ea-6a43c24f8ca7 to remote:43953 ] - [ DEBUG ]  http-outgoing-0 >> Accept-Encoding: gzip,deflate
2017-08-28 12:17:39  [ Forwarding getWindowSize on session 073839ae-e836-4e67-95ea-6a43c24f8ca7 to remote:43953 ] - [ DEBUG ]  http-outgoing-0 >> "GET /wd/hub/session/073839ae-e836-4e67-95ea-6a43c24f8ca7/window/current/size HTTP/1.1[\r][\n]"
2017-08-28 12:17:39  [ Forwarding getWindowSize on session 073839ae-e836-4e67-95ea-6a43c24f8ca7 to remote:43953 ] - [ DEBUG ]  http-outgoing-0 >> "Cache-Control: no-cache[\r][\n]"
2017-08-28 12:17:39  [ Forwarding getWindowSize on session 073839ae-e836-4e67-95ea-6a43c24f8ca7 to remote:43953 ] - [ DEBUG ]  http-outgoing-0 >> "Host: 127.0.0.1:4723[\r][\n]"
2017-08-28 12:17:39  [ Forwarding getWindowSize on session 073839ae-e836-4e67-95ea-6a43c24f8ca7 to remote:43953 ] - [ DEBUG ]  http-outgoing-0 >> "Connection: Keep-Alive[\r][\n]"
2017-08-28 12:17:39  [ Forwarding getWindowSize on session 073839ae-e836-4e67-95ea-6a43c24f8ca7 to remote:43953 ] - [ DEBUG ]  http-outgoing-0 >> "User-Agent: Apache-HttpClient/4.5.2 (Java/1.8.0_121)[\r][\n]"
2017-08-28 12:17:39  [ Forwarding getWindowSize on session 073839ae-e836-4e67-95ea-6a43c24f8ca7 to remote:43953 ] - [ DEBUG ]  http-outgoing-0 >> "Accept-Encoding: gzip,deflate[\r][\n]"
2017-08-28 12:17:39  [ Forwarding getWindowSize on session 073839ae-e836-4e67-95ea-6a43c24f8ca7 to remote:43953 ] - [ DEBUG ]  http-outgoing-0 >> "[\r][\n]"
2017-08-28 12:17:39  [ Forwarding getWindowSize on session 073839ae-e836-4e67-95ea-6a43c24f8ca7 to remote:43977 ] - [ DEBUG ]  http-outgoing-0 << "HTTP/1.1 200 OK[\r][\n]"
2017-08-28 12:17:39  [ Forwarding getWindowSize on session 073839ae-e836-4e67-95ea-6a43c24f8ca7 to remote:43977 ] - [ DEBUG ]  http-outgoing-0 << "X-Powered-By: Express[\r][\n]"
2017-08-28 12:17:39  [ Forwarding getWindowSize on session 073839ae-e836-4e67-95ea-6a43c24f8ca7 to remote:43978 ] - [ DEBUG ]  http-outgoing-0 << "Access-Control-Allow-Origin: *[\r][\n]"
2017-08-28 12:17:39  [ Forwarding getWindowSize on session 073839ae-e836-4e67-95ea-6a43c24f8ca7 to remote:43978 ] - [ DEBUG ]  http-outgoing-0 << "Access-Control-Allow-Methods: GET,POST,PUT,OPTIONS,DELETE[\r][\n]"
2017-08-28 12:17:39  [ Forwarding getWindowSize on session 073839ae-e836-4e67-95ea-6a43c24f8ca7 to remote:43978 ] - [ DEBUG ]  http-outgoing-0 << "Access-Control-Allow-Headers: origin, content-type, accept[\r][\n]"
2017-08-28 12:17:39  [ Forwarding getWindowSize on session 073839ae-e836-4e67-95ea-6a43c24f8ca7 to remote:43978 ] - [ DEBUG ]  http-outgoing-0 << "Content-Type: application/json; charset=utf-8[\r][\n]"
2017-08-28 12:17:39  [ Forwarding getWindowSize on session 073839ae-e836-4e67-95ea-6a43c24f8ca7 to remote:43978 ] - [ DEBUG ]  http-outgoing-0 << "Content-Length: 100[\r][\n]"
2017-08-28 12:17:39  [ Forwarding getWindowSize on session 073839ae-e836-4e67-95ea-6a43c24f8ca7 to remote:43978 ] - [ DEBUG ]  http-outgoing-0 << "ETag: W/"64-ku5u76bCwAaresxtDzbY4wLb8iM"[\r][\n]"
2017-08-28 12:17:39  [ Forwarding getWindowSize on session 073839ae-e836-4e67-95ea-6a43c24f8ca7 to remote:43978 ] - [ DEBUG ]  http-outgoing-0 << "Date: Mon, 28 Aug 2017 04:17:39 GMT[\r][\n]"
2017-08-28 12:17:39  [ Forwarding getWindowSize on session 073839ae-e836-4e67-95ea-6a43c24f8ca7 to remote:43978 ] - [ DEBUG ]  http-outgoing-0 << "Connection: keep-alive[\r][\n]"
2017-08-28 12:17:39  [ Forwarding getWindowSize on session 073839ae-e836-4e67-95ea-6a43c24f8ca7 to remote:43978 ] - [ DEBUG ]  http-outgoing-0 << "[\r][\n]"
2017-08-28 12:17:39  [ Forwarding getWindowSize on session 073839ae-e836-4e67-95ea-6a43c24f8ca7 to remote:43978 ] - [ DEBUG ]  http-outgoing-0 << "{"status":0,"value":{"height":2392,"width":1440},"sessionId":"073839ae-e836-4e67-95ea-6a43c24f8ca7"}"
2017-08-28 12:17:39  [ Forwarding getWindowSize on session 073839ae-e836-4e67-95ea-6a43c24f8ca7 to remote:43979 ] - [ DEBUG ]  http-outgoing-0 << HTTP/1.1 200 OK
2017-08-28 12:17:39  [ Forwarding getWindowSize on session 073839ae-e836-4e67-95ea-6a43c24f8ca7 to remote:43979 ] - [ DEBUG ]  http-outgoing-0 << X-Powered-By: Express
2017-08-28 12:17:39  [ Forwarding getWindowSize on session 073839ae-e836-4e67-95ea-6a43c24f8ca7 to remote:43979 ] - [ DEBUG ]  http-outgoing-0 << Access-Control-Allow-Origin: *
2017-08-28 12:17:39  [ Forwarding getWindowSize on session 073839ae-e836-4e67-95ea-6a43c24f8ca7 to remote:43979 ] - [ DEBUG ]  http-outgoing-0 << Access-Control-Allow-Methods: GET,POST,PUT,OPTIONS,DELETE
2017-08-28 12:17:39  [ Forwarding getWindowSize on session 073839ae-e836-4e67-95ea-6a43c24f8ca7 to remote:43979 ] - [ DEBUG ]  http-outgoing-0 << Access-Control-Allow-Headers: origin, content-type, accept
2017-08-28 12:17:39  [ Forwarding getWindowSize on session 073839ae-e836-4e67-95ea-6a43c24f8ca7 to remote:43979 ] - [ DEBUG ]  http-outgoing-0 << Content-Type: application/json; charset=utf-8
2017-08-28 12:17:39  [ Forwarding getWindowSize on session 073839ae-e836-4e67-95ea-6a43c24f8ca7 to remote:43979 ] - [ DEBUG ]  http-outgoing-0 << Content-Length: 100
2017-08-28 12:17:39  [ Forwarding getWindowSize on session 073839ae-e836-4e67-95ea-6a43c24f8ca7 to remote:43979 ] - [ DEBUG ]  http-outgoing-0 << ETag: W/"64-ku5u76bCwAaresxtDzbY4wLb8iM"
2017-08-28 12:17:39  [ Forwarding getWindowSize on session 073839ae-e836-4e67-95ea-6a43c24f8ca7 to remote:43979 ] - [ DEBUG ]  http-outgoing-0 << Date: Mon, 28 Aug 2017 04:17:39 GMT
2017-08-28 12:17:39  [ Forwarding getWindowSize on session 073839ae-e836-4e67-95ea-6a43c24f8ca7 to remote:43979 ] - [ DEBUG ]  http-outgoing-0 << Connection: keep-alive
2017-08-28 12:17:39  [ Forwarding getWindowSize on session 073839ae-e836-4e67-95ea-6a43c24f8ca7 to remote:43980 ] - [ DEBUG ]  Connection can be kept alive indefinitely
2017-08-28 12:17:39  [ Forwarding getWindowSize on session 073839ae-e836-4e67-95ea-6a43c24f8ca7 to remote:43980 ] - [ DEBUG ]  Connection [id: 0][route: {}->http://127.0.0.1:4723] can be kept alive indefinitely
2017-08-28 12:17:39  [ Forwarding getWindowSize on session 073839ae-e836-4e67-95ea-6a43c24f8ca7 to remote:43981 ] - [ DEBUG ]  Connection released: [id: 0][route: {}->http://127.0.0.1:4723][total kept alive: 1; route allocated: 1 of 2000; total allocated: 1 of 2000]
2017-08-28 12:17:42  [ main:47008 ] - [ ERROR ]  test
2017-08-28 12:17:42  [ Forwarding quit on session 073839ae-e836-4e67-95ea-6a43c24f8ca7 to remote:47066 ] - [ DEBUG ]  CookieSpec selected: default
2017-08-28 12:17:42  [ Forwarding quit on session 073839ae-e836-4e67-95ea-6a43c24f8ca7 to remote:47067 ] - [ DEBUG ]  Auth cache not set in the context
2017-08-28 12:17:42  [ Forwarding quit on session 073839ae-e836-4e67-95ea-6a43c24f8ca7 to remote:47067 ] - [ DEBUG ]  Connection request: [route: {}->http://127.0.0.1:4723][total kept alive: 1; route allocated: 1 of 2000; total allocated: 1 of 2000]
2017-08-28 12:17:42  [ Forwarding quit on session 073839ae-e836-4e67-95ea-6a43c24f8ca7 to remote:47068 ] - [ DEBUG ]  http-outgoing-0 << "[read] I/O error: Read timed out"
2017-08-28 12:17:42  [ Forwarding quit on session 073839ae-e836-4e67-95ea-6a43c24f8ca7 to remote:47068 ] - [ DEBUG ]  Connection leased: [id: 0][route: {}->http://127.0.0.1:4723][total kept alive: 0; route allocated: 1 of 2000; total allocated: 1 of 2000]
2017-08-28 12:17:42  [ Forwarding quit on session 073839ae-e836-4e67-95ea-6a43c24f8ca7 to remote:47068 ] - [ DEBUG ]  Stale connection check
2017-08-28 12:17:42  [ Forwarding quit on session 073839ae-e836-4e67-95ea-6a43c24f8ca7 to remote:47069 ] - [ DEBUG ]  http-outgoing-0 << "[read] I/O error: Read timed out"
2017-08-28 12:17:42  [ Forwarding quit on session 073839ae-e836-4e67-95ea-6a43c24f8ca7 to remote:47069 ] - [ DEBUG ]  http-outgoing-0: set socket timeout to 10800000
2017-08-28 12:17:42  [ Forwarding quit on session 073839ae-e836-4e67-95ea-6a43c24f8ca7 to remote:47069 ] - [ DEBUG ]  Executing request DELETE /wd/hub/session/073839ae-e836-4e67-95ea-6a43c24f8ca7 HTTP/1.1
2017-08-28 12:17:42  [ Forwarding quit on session 073839ae-e836-4e67-95ea-6a43c24f8ca7 to remote:47069 ] - [ DEBUG ]  Target auth state: UNCHALLENGED
2017-08-28 12:17:42  [ Forwarding quit on session 073839ae-e836-4e67-95ea-6a43c24f8ca7 to remote:47069 ] - [ DEBUG ]  Proxy auth state: UNCHALLENGED
2017-08-28 12:17:42  [ Forwarding quit on session 073839ae-e836-4e67-95ea-6a43c24f8ca7 to remote:47069 ] - [ DEBUG ]  http-outgoing-0 >> DELETE /wd/hub/session/073839ae-e836-4e67-95ea-6a43c24f8ca7 HTTP/1.1
2017-08-28 12:17:42  [ Forwarding quit on session 073839ae-e836-4e67-95ea-6a43c24f8ca7 to remote:47069 ] - [ DEBUG ]  http-outgoing-0 >> Host: 127.0.0.1:4723
2017-08-28 12:17:42  [ Forwarding quit on session 073839ae-e836-4e67-95ea-6a43c24f8ca7 to remote:47069 ] - [ DEBUG ]  http-outgoing-0 >> Connection: Keep-Alive
2017-08-28 12:17:42  [ Forwarding quit on session 073839ae-e836-4e67-95ea-6a43c24f8ca7 to remote:47069 ] - [ DEBUG ]  http-outgoing-0 >> User-Agent: Apache-HttpClient/4.5.2 (Java/1.8.0_121)
2017-08-28 12:17:42  [ Forwarding quit on session 073839ae-e836-4e67-95ea-6a43c24f8ca7 to remote:47069 ] - [ DEBUG ]  http-outgoing-0 >> Accept-Encoding: gzip,deflate
2017-08-28 12:17:42  [ Forwarding quit on session 073839ae-e836-4e67-95ea-6a43c24f8ca7 to remote:47070 ] - [ DEBUG ]  http-outgoing-0 >> "DELETE /wd/hub/session/073839ae-e836-4e67-95ea-6a43c24f8ca7 HTTP/1.1[\r][\n]"
2017-08-28 12:17:42  [ Forwarding quit on session 073839ae-e836-4e67-95ea-6a43c24f8ca7 to remote:47070 ] - [ DEBUG ]  http-outgoing-0 >> "Host: 127.0.0.1:4723[\r][\n]"
2017-08-28 12:17:42  [ Forwarding quit on session 073839ae-e836-4e67-95ea-6a43c24f8ca7 to remote:47070 ] - [ DEBUG ]  http-outgoing-0 >> "Connection: Keep-Alive[\r][\n]"
2017-08-28 12:17:42  [ Forwarding quit on session 073839ae-e836-4e67-95ea-6a43c24f8ca7 to remote:47070 ] - [ DEBUG ]  http-outgoing-0 >> "User-Agent: Apache-HttpClient/4.5.2 (Java/1.8.0_121)[\r][\n]"
2017-08-28 12:17:42  [ Forwarding quit on session 073839ae-e836-4e67-95ea-6a43c24f8ca7 to remote:47070 ] - [ DEBUG ]  http-outgoing-0 >> "Accept-Encoding: gzip,deflate[\r][\n]"
2017-08-28 12:17:42  [ Forwarding quit on session 073839ae-e836-4e67-95ea-6a43c24f8ca7 to remote:47070 ] - [ DEBUG ]  http-outgoing-0 >> "[\r][\n]"
2017-08-28 12:17:45  [ Forwarding quit on session 073839ae-e836-4e67-95ea-6a43c24f8ca7 to remote:50577 ] - [ DEBUG ]  http-outgoing-0 << "HTTP/1.1 200 OK[\r][\n]"
2017-08-28 12:17:45  [ Forwarding quit on session 073839ae-e836-4e67-95ea-6a43c24f8ca7 to remote:50577 ] - [ DEBUG ]  http-outgoing-0 << "X-Powered-By: Express[\r][\n]"
2017-08-28 12:17:45  [ Forwarding quit on session 073839ae-e836-4e67-95ea-6a43c24f8ca7 to remote:50577 ] - [ DEBUG ]  http-outgoing-0 << "Access-Control-Allow-Origin: *[\r][\n]"
2017-08-28 12:17:45  [ Forwarding quit on session 073839ae-e836-4e67-95ea-6a43c24f8ca7 to remote:50577 ] - [ DEBUG ]  http-outgoing-0 << "Access-Control-Allow-Methods: GET,POST,PUT,OPTIONS,DELETE[\r][\n]"
2017-08-28 12:17:45  [ Forwarding quit on session 073839ae-e836-4e67-95ea-6a43c24f8ca7 to remote:50577 ] - [ DEBUG ]  http-outgoing-0 << "Access-Control-Allow-Headers: origin, content-type, accept[\r][\n]"
2017-08-28 12:17:45  [ Forwarding quit on session 073839ae-e836-4e67-95ea-6a43c24f8ca7 to remote:50577 ] - [ DEBUG ]  http-outgoing-0 << "Content-Type: application/json; charset=utf-8[\r][\n]"
2017-08-28 12:17:45  [ Forwarding quit on session 073839ae-e836-4e67-95ea-6a43c24f8ca7 to remote:50577 ] - [ DEBUG ]  http-outgoing-0 << "Content-Length: 76[\r][\n]"
2017-08-28 12:17:45  [ Forwarding quit on session 073839ae-e836-4e67-95ea-6a43c24f8ca7 to remote:50577 ] - [ DEBUG ]  http-outgoing-0 << "ETag: W/"4c-RSBlUnmI5OeGyyMFeIXgHjephGI"[\r][\n]"
2017-08-28 12:17:45  [ Forwarding quit on session 073839ae-e836-4e67-95ea-6a43c24f8ca7 to remote:50578 ] - [ DEBUG ]  http-outgoing-0 << "Date: Mon, 28 Aug 2017 04:17:45 GMT[\r][\n]"
2017-08-28 12:17:45  [ Forwarding quit on session 073839ae-e836-4e67-95ea-6a43c24f8ca7 to remote:50578 ] - [ DEBUG ]  http-outgoing-0 << "Connection: keep-alive[\r][\n]"
2017-08-28 12:17:45  [ Forwarding quit on session 073839ae-e836-4e67-95ea-6a43c24f8ca7 to remote:50578 ] - [ DEBUG ]  http-outgoing-0 << "[\r][\n]"
2017-08-28 12:17:45  [ Forwarding quit on session 073839ae-e836-4e67-95ea-6a43c24f8ca7 to remote:50578 ] - [ DEBUG ]  http-outgoing-0 << "{"status":0,"value":null,"sessionId":"073839ae-e836-4e67-95ea-6a43c24f8ca7"}"
2017-08-28 12:17:45  [ Forwarding quit on session 073839ae-e836-4e67-95ea-6a43c24f8ca7 to remote:50578 ] - [ DEBUG ]  http-outgoing-0 << HTTP/1.1 200 OK
2017-08-28 12:17:45  [ Forwarding quit on session 073839ae-e836-4e67-95ea-6a43c24f8ca7 to remote:50578 ] - [ DEBUG ]  http-outgoing-0 << X-Powered-By: Express
2017-08-28 12:17:45  [ Forwarding quit on session 073839ae-e836-4e67-95ea-6a43c24f8ca7 to remote:50578 ] - [ DEBUG ]  http-outgoing-0 << Access-Control-Allow-Origin: *
2017-08-28 12:17:45  [ Forwarding quit on session 073839ae-e836-4e67-95ea-6a43c24f8ca7 to remote:50578 ] - [ DEBUG ]  http-outgoing-0 << Access-Control-Allow-Methods: GET,POST,PUT,OPTIONS,DELETE
2017-08-28 12:17:45  [ Forwarding quit on session 073839ae-e836-4e67-95ea-6a43c24f8ca7 to remote:50578 ] - [ DEBUG ]  http-outgoing-0 << Access-Control-Allow-Headers: origin, content-type, accept
2017-08-28 12:17:45  [ Forwarding quit on session 073839ae-e836-4e67-95ea-6a43c24f8ca7 to remote:50579 ] - [ DEBUG ]  http-outgoing-0 << Content-Type: application/json; charset=utf-8
2017-08-28 12:17:45  [ Forwarding quit on session 073839ae-e836-4e67-95ea-6a43c24f8ca7 to remote:50579 ] - [ DEBUG ]  http-outgoing-0 << Content-Length: 76
2017-08-28 12:17:45  [ Forwarding quit on session 073839ae-e836-4e67-95ea-6a43c24f8ca7 to remote:50579 ] - [ DEBUG ]  http-outgoing-0 << ETag: W/"4c-RSBlUnmI5OeGyyMFeIXgHjephGI"
2017-08-28 12:17:45  [ Forwarding quit on session 073839ae-e836-4e67-95ea-6a43c24f8ca7 to remote:50579 ] - [ DEBUG ]  http-outgoing-0 << Date: Mon, 28 Aug 2017 04:17:45 GMT
2017-08-28 12:17:45  [ Forwarding quit on session 073839ae-e836-4e67-95ea-6a43c24f8ca7 to remote:50579 ] - [ DEBUG ]  http-outgoing-0 << Connection: keep-alive
2017-08-28 12:17:45  [ Forwarding quit on session 073839ae-e836-4e67-95ea-6a43c24f8ca7 to remote:50579 ] - [ DEBUG ]  Connection can be kept alive indefinitely
2017-08-28 12:17:45  [ Forwarding quit on session 073839ae-e836-4e67-95ea-6a43c24f8ca7 to remote:50580 ] - [ DEBUG ]  Connection [id: 0][route: {}->http://127.0.0.1:4723] can be kept alive indefinitely
2017-08-28 12:17:45  [ Forwarding quit on session 073839ae-e836-4e67-95ea-6a43c24f8ca7 to remote:50580 ] - [ DEBUG ]  Connection released: [id: 0][route: {}->http://127.0.0.1:4723][total kept alive: 1; route allocated: 1 of 2000; total allocated: 1 of 2000]
2017-08-28 12:17:45  [ Forwarding quit on session 073839ae-e836-4e67-95ea-6a43c24f8ca7 to remote:50582 ] - [ DEBUG ]  Closing connections idle longer than 0 SECONDS
2017-08-28 12:17:45  [ Forwarding quit on session 073839ae-e836-4e67-95ea-6a43c24f8ca7 to remote:50583 ] - [ DEBUG ]  http-outgoing-0: Close connection
